<?xml version="1.0" encoding="UTF-8"?>
<testng-results ignored="0" total="1" passed="1" failed="0" skipped="0">
  <reporter-output>
  </reporter-output>
  <suite started-at="2025-07-28T19:02:21 IST" name="Default suite" finished-at="2025-07-28T19:02:29 IST" duration-ms="8369">
    <groups>
    </groups>
    <test started-at="2025-07-28T19:02:21 IST" name="Default test" finished-at="2025-07-28T19:02:29 IST" duration-ms="8369">
      <class name="testSuite.RegressionTestSuite">
        <test-method is-config="true" signature="initReport()[pri:0, instance:testSuite.RegressionTestSuite@3ebff828]" started-at="2025-07-28T19:02:21 IST" name="initReport" finished-at="2025-07-28T19:02:21 IST" duration-ms="365" status="PASS">
          <reporter-output>
          </reporter-output>
        </test-method> <!-- initReport -->
        <test-method is-config="true" signature="setUp(java.lang.reflect.Method)[pri:0, instance:testSuite.RegressionTestSuite@3ebff828]" started-at="2025-07-28T19:02:21 IST" name="setUp" finished-at="2025-07-28T19:02:27 IST" duration-ms="5781" status="PASS">
          <params>
            <param index="0">
              <value>
                <![CDATA[public void testSuite.RegressionTestSuite.test_01()]]>
              </value>
            </param>
          </params>
          <reporter-output>
          </reporter-output>
        </test-method> <!-- setUp -->
        <test-method is-config="true" signature="setupTest()[pri:0, instance:testSuite.RegressionTestSuite@3ebff828]" started-at="2025-07-28T19:02:27 IST" name="setupTest" finished-at="2025-07-28T19:02:27 IST" duration-ms="33" status="PASS">
          <reporter-output>
          </reporter-output>
        </test-method> <!-- setupTest -->
        <test-method signature="test_01()[pri:1, instance:testSuite.RegressionTestSuite@3ebff828]" started-at="2025-07-28T19:02:27 IST" name="test_01" finished-at="2025-07-28T19:02:29 IST" duration-ms="2179" status="PASS">
          <reporter-output>
          </reporter-output>
        </test-method> <!-- test_01 -->
        <test-method is-config="true" signature="tearDown(org.testng.ITestResult)[pri:0, instance:testSuite.RegressionTestSuite@3ebff828]" started-at="2025-07-28T19:02:29 IST" name="tearDown" finished-at="2025-07-28T19:02:29 IST" duration-ms="332" status="PASS">
          <params>
            <param index="0">
              <value>
                <![CDATA[[TestResult name=test_01 status=SUCCESS method=RegressionTestSuite.test_01()[pri:1, instance:testSuite.RegressionTestSuite@3ebff828] output={null}]]]>
              </value>
            </param>
          </params>
          <reporter-output>
          </reporter-output>
        </test-method> <!-- tearDown -->
        <test-method is-config="true" signature="flushReport()[pri:0, instance:testSuite.RegressionTestSuite@3ebff828]" started-at="2025-07-28T19:02:29 IST" name="flushReport" finished-at="2025-07-28T19:02:30 IST" duration-ms="631" status="PASS">
          <reporter-output>
          </reporter-output>
        </test-method> <!-- flushReport -->
      </class> <!-- testSuite.RegressionTestSuite -->
    </test> <!-- Default test -->
  </suite> <!-- Default suite -->
</testng-results>
