<?xml version="1.0" encoding="UTF-8"?>
<testng-results ignored="0" total="1" passed="1" failed="0" skipped="0">
  <reporter-output>
  </reporter-output>
  <suite started-at="2025-09-06T17:37:28 IST" name="Default suite" finished-at="2025-09-06T17:37:43 IST" duration-ms="14838">
    <groups>
    </groups>
    <test started-at="2025-09-06T17:37:28 IST" name="Default test" finished-at="2025-09-06T17:37:43 IST" duration-ms="14838">
      <class name="testSuite.RegressionTestSuite">
        <test-method is-config="true" signature="initReportAndConfig()[pri:0, instance:testSuite.RegressionTestSuite@6175619b]" started-at="2025-09-06T17:37:27 IST" name="initReportAndConfig" finished-at="2025-09-06T17:37:28 IST" duration-ms="427" status="PASS">
          <reporter-output>
          </reporter-output>
        </test-method> <!-- initReportAndConfig -->
        <test-method is-config="true" signature="loginOncePerClass()[pri:0, instance:testSuite.RegressionTestSuite@6175619b]" started-at="2025-09-06T17:37:28 IST" name="loginOncePerClass" finished-at="2025-09-06T17:37:42 IST" duration-ms="14435" status="PASS">
          <reporter-output>
          </reporter-output>
        </test-method> <!-- loginOncePerClass -->
        <test-method is-config="true" signature="createTestLog(java.lang.reflect.Method)[pri:0, instance:testSuite.RegressionTestSuite@6175619b]" started-at="2025-09-06T17:37:42 IST" name="createTestLog" finished-at="2025-09-06T17:37:42 IST" duration-ms="10" status="PASS">
          <params>
            <param index="0">
              <value>
                <![CDATA[public void testSuite.RegressionTestSuite.test_01()]]>
              </value>
            </param>
          </params>
          <reporter-output>
          </reporter-output>
        </test-method> <!-- createTestLog -->
        <test-method signature="test_01()[pri:1, instance:testSuite.RegressionTestSuite@6175619b]" started-at="2025-09-06T17:37:42 IST" name="test_01" description="to validate the login functionality" finished-at="2025-09-06T17:37:42 IST" duration-ms="10" status="PASS">
          <reporter-output>
          </reporter-output>
        </test-method> <!-- test_01 -->
        <test-method is-config="true" signature="tearDownMethod(org.testng.ITestResult)[pri:0, instance:testSuite.RegressionTestSuite@6175619b]" started-at="2025-09-06T17:37:42 IST" name="tearDownMethod" finished-at="2025-09-06T17:37:42 IST" duration-ms="13" status="PASS">
          <params>
            <param index="0">
              <value>
                <![CDATA[[TestResult name=test_01 status=SUCCESS method=RegressionTestSuite.test_01()[pri:1, instance:testSuite.RegressionTestSuite@6175619b] output={null}]]]>
              </value>
            </param>
          </params>
          <reporter-output>
          </reporter-output>
        </test-method> <!-- tearDownMethod -->
        <test-method is-config="true" signature="closeDriverAfterClass()[pri:0, instance:testSuite.RegressionTestSuite@6175619b]" started-at="2025-09-06T17:37:42 IST" name="closeDriverAfterClass" finished-at="2025-09-06T17:37:43 IST" duration-ms="316" status="PASS">
          <reporter-output>
          </reporter-output>
        </test-method> <!-- closeDriverAfterClass -->
        <test-method is-config="true" signature="flushReport()[pri:0, instance:testSuite.RegressionTestSuite@6175619b]" started-at="2025-09-06T17:37:43 IST" name="flushReport" finished-at="2025-09-06T17:37:43 IST" duration-ms="629" status="PASS">
          <reporter-output>
          </reporter-output>
        </test-method> <!-- flushReport -->
      </class> <!-- testSuite.RegressionTestSuite -->
    </test> <!-- Default test -->
  </suite> <!-- Default suite -->
</testng-results>
